<?xml version="1.0" encoding="UTF-8"?>
<testsuite xmlns:xsi="http://www.w3.org/2001/XMLSchema-instance" xsi:noNamespaceSchemaLocation="https://maven.apache.org/surefire/maven-surefire-plugin/xsd/surefire-test-report.xsd" version="3.0.2" name="com.ncu.blog.servicediscovery.ServicediscoveryApplicationTests" time="6.573" tests="1" errors="0" skipped="0" failures="0">
  <properties>
[...]
</properties>
  <testcase name="contextLoads" classname="com.ncu.blog.servicediscovery.ServicediscoveryApplicationTests" time="0.773">
    <system-out><![CDATA[23:00:32.456 [main] INFO org.springframework.test.context.support.AnnotationConfigContextLoaderUtils -- Could not detect default configuration classes for test class [com.ncu.blog.servicediscovery.ServicediscoveryApplicationTests]: ServicediscoveryApplicationTests does not declare any static, non-private, non-final, nested classes annotated with @Configuration.
23:00:32.652 [main] INFO org.springframework.boot.test.context.SpringBootTestContextBootstrapper -- Found @SpringBootConfiguration com.ncu.blog.servicediscovery.ServicediscoveryApplication for test class com.ncu.blog.servicediscovery.ServicediscoveryApplicationTests

  .   ____          _            __ _ _
 /\\ / ___'_ __ _ _(_)_ __  __ _ \ \ \ \
( ( )\___ | '_ | '_| | '_ \/ _` | \ \ \ \
 \\/  ___)| |_)| | | | | || (_| |  ) ) ) )
  '  |____| .__|_| |_|_| |_\__, | / / / /
 =========|_|==============|___/=/_/_/_/

 :: Spring Boot ::                (v3.5.3)

2025-09-09T23:00:33.825+05:30  INFO 18656 --- [servicediscovery] [           main] c.n.b.s.ServicediscoveryApplicationTests : Starting ServicediscoveryApplicationTests using Java 24.0.1 with PID 18656 (started by riya in C:\Users\riyas\OneDrive\Documents\Microservices\FS3\Blog Management System\servicediscovery)
2025-09-09T23:00:33.827+05:30  INFO 18656 --- [servicediscovery] [           main] c.n.b.s.ServicediscoveryApplicationTests : No active profile set, falling back to 1 default profile: "default"
2025-09-09T23:00:35.268+05:30  INFO 18656 --- [servicediscovery] [           main] o.s.cloud.context.scope.GenericScope     : BeanFactory id=fe48b619-0977-30f2-93d1-d430904a184e
2025-09-09T23:00:35.891+05:30  INFO 18656 --- [servicediscovery] [           main] o.s.v.b.OptionalValidatorFactoryBean     : Failed to set up a Bean Validation provider: jakarta.validation.NoProviderFoundException: Unable to create a Configuration, because no Jakarta Bean Validation provider could be found. Add a provider like Hibernate Validator (RI) to your classpath.
2025-09-09T23:00:37.023+05:30  WARN 18656 --- [servicediscovery] [           main] iguration$LoadBalancerCaffeineWarnLogger : Spring Cloud LoadBalancer is currently working with the default cache. While this cache implementation is useful for development and tests, it's recommended to use Caffeine cache in production.You can switch to using Caffeine cache, by adding it and org.springframework.cache.caffeine.CaffeineCacheManager to the classpath.
2025-09-09T23:00:37.345+05:30  INFO 18656 --- [servicediscovery] [           main] o.s.c.n.eureka.InstanceInfoFactory       : Setting initial instance status as: STARTING
2025-09-09T23:00:37.374+05:30  INFO 18656 --- [servicediscovery] [           main] com.netflix.discovery.DiscoveryClient    : Initializing Eureka in region us-east-1
2025-09-09T23:00:37.375+05:30  INFO 18656 --- [servicediscovery] [           main] com.netflix.discovery.DiscoveryClient    : Client configured to neither register nor query for data.
2025-09-09T23:00:37.379+05:30  INFO 18656 --- [servicediscovery] [           main] com.netflix.discovery.DiscoveryClient    : Discovery Client initialized at timestamp 1757439037377 with initial instances count: 0
2025-09-09T23:00:37.437+05:30  INFO 18656 --- [servicediscovery] [           main] c.n.eureka.DefaultEurekaServerContext    : Initializing ...
2025-09-09T23:00:37.439+05:30  INFO 18656 --- [servicediscovery] [           main] c.n.eureka.cluster.PeerEurekaNodes       : Adding new peer nodes [http://localhost:8761/eureka/]
2025-09-09T23:00:37.611+05:30  INFO 18656 --- [servicediscovery] [           main] c.n.d.provider.DiscoveryJerseyProvider   : Using JSON encoding codec LegacyJacksonJson
2025-09-09T23:00:37.611+05:30  INFO 18656 --- [servicediscovery] [           main] c.n.d.provider.DiscoveryJerseyProvider   : Using JSON decoding codec LegacyJacksonJson
2025-09-09T23:00:37.611+05:30  INFO 18656 --- [servicediscovery] [           main] c.n.d.provider.DiscoveryJerseyProvider   : Using XML encoding codec XStreamXml
2025-09-09T23:00:37.612+05:30  INFO 18656 --- [servicediscovery] [           main] c.n.d.provider.DiscoveryJerseyProvider   : Using XML decoding codec XStreamXml
2025-09-09T23:00:37.679+05:30  INFO 18656 --- [servicediscovery] [           main] c.n.eureka.cluster.PeerEurekaNodes       : Replica node URL:  http://localhost:8761/eureka/
2025-09-09T23:00:37.691+05:30  INFO 18656 --- [servicediscovery] [           main] c.n.e.registry.AbstractInstanceRegistry  : Finished initializing remote region registries. All known remote regions: []
2025-09-09T23:00:37.691+05:30  INFO 18656 --- [servicediscovery] [           main] c.n.eureka.DefaultEurekaServerContext    : Initialized
2025-09-09T23:00:37.789+05:30  INFO 18656 --- [servicediscovery] [           main] o.s.b.a.e.web.EndpointLinksResolver      : Exposing 1 endpoint beneath base path '/actuator'
2025-09-09T23:00:37.849+05:30  INFO 18656 --- [servicediscovery] [           main] o.s.c.n.e.s.EurekaServiceRegistry        : Registering application SERVICEDISCOVERY with eureka with status UP
2025-09-09T23:00:37.864+05:30  INFO 18656 --- [servicediscovery] [      Thread-10] o.s.c.n.e.server.EurekaServerBootstrap   : isAws returned false
2025-09-09T23:00:37.865+05:30  INFO 18656 --- [servicediscovery] [      Thread-10] o.s.c.n.e.server.EurekaServerBootstrap   : Initialized server context
2025-09-09T23:00:37.865+05:30  INFO 18656 --- [servicediscovery] [      Thread-10] c.n.e.r.PeerAwareInstanceRegistryImpl    : Got 1 instances from neighboring DS node
2025-09-09T23:00:37.865+05:30  INFO 18656 --- [servicediscovery] [      Thread-10] c.n.e.r.PeerAwareInstanceRegistryImpl    : Renew threshold is: 1
2025-09-09T23:00:37.866+05:30  INFO 18656 --- [servicediscovery] [      Thread-10] c.n.e.r.PeerAwareInstanceRegistryImpl    : Changing status to UP
2025-09-09T23:00:37.868+05:30  INFO 18656 --- [servicediscovery] [      Thread-10] e.s.EurekaServerInitializerConfiguration : Started Eureka Server
2025-09-09T23:00:37.869+05:30  INFO 18656 --- [servicediscovery] [           main] c.n.b.s.ServicediscoveryApplicationTests : Started ServicediscoveryApplicationTests in 4.735 seconds (process running for 6.625)
]]></system-out>
    <system-err><![CDATA[Mockito is currently self-attaching to enable the inline-mock-maker. This will no longer work in future releases of the JDK. Please add Mockito as an agent to your build as described in Mockito's documentation: https://javadoc.io/doc/org.mockito/mockito-core/latest/org.mockito/org/mockito/Mockito.html#0.3
WARNING: A Java agent has been loaded dynamically (C:\Users\riyas\.m2\repository\net\bytebuddy\byte-buddy-agent\1.17.6\byte-buddy-agent-1.17.6.jar)
WARNING: If a serviceability tool is in use, please run with -XX:+EnableDynamicAgentLoading to hide this warning
WARNING: If a serviceability tool is not in use, please run with -Djdk.instrument.traceUsage for more information
WARNING: Dynamic loading of agents will be disallowed by default in a future release
]]></system-err>
  </testcase>
</testsuite>